> set echo on
> set linesize 256
> set pagesize 50
> set escape \
> select user, TO_CHAR(SYSDATE, 'dd-mm-yy hh24:mi:ss') from dual
USER                           TO_CHAR(SYSDATE,'DD-MM-YYHH24:MI:SS')
------------------------------ -------------------------------------
PROBIN2S                       19-04-15 14:17:37                    

> drop table article purge

Fehler beim Start in Zeile : 9 in Befehl -
drop table article purge
Fehlerbericht -
SQL-Fehler: ORA-00942: Tabelle oder View nicht vorhanden
00942. 00000 -  "table or view does not exist"
*Cause:    
*Action:
> drop table customer purge

Fehler beim Start in Zeile : 10 in Befehl -
drop table customer purge
Fehlerbericht -
SQL-Fehler: ORA-00942: Tabelle oder View nicht vorhanden
00942. 00000 -  "table or view does not exist"
*Cause:    
*Action:
> drop table depot purge

Fehler beim Start in Zeile : 11 in Befehl -
drop table depot purge
Fehlerbericht -
SQL-Fehler: ORA-00942: Tabelle oder View nicht vorhanden
00942. 00000 -  "table or view does not exist"
*Cause:    
*Action:
> drop table supplier purge

Fehler beim Start in Zeile : 12 in Befehl -
drop table supplier purge
Fehlerbericht -
SQL-Fehler: ORA-00942: Tabelle oder View nicht vorhanden
00942. 00000 -  "table or view does not exist"
*Cause:    
*Action:
> drop table rent purge

Fehler beim Start in Zeile : 13 in Befehl -
drop table rent purge
Fehlerbericht -
SQL-Fehler: ORA-00942: Tabelle oder View nicht vorhanden
00942. 00000 -  "table or view does not exist"
*Cause:    
*Action:
> create table article (
  ID_article numeric(8) not null,
  item varchar(128) not null,
  type varchar(64) not null,
  ID_supplier numeric(8) not null,
  pur_basePrice numeric(8,2) not null,
  pur_currency varchar(16) not null,
  pur_purchasedate date not null,
  sal_rentalPriceMonth numeric(8,2) not null,
  sal_rentalPriceWeek numeric(8,2) not null,
  sal_rentalPriceDay numeric(8,2) not null,
  sal_currency varchar(16) not null,
  ID_depot numeric(8),
  dep_location numeric(6) not null,
  dep_weightKg numeric(6,2) not null,
  dep_heightCm numeric(6,2) not null,
  dep_lengthCm numeric(6,2) not null,
  dep_breadthCm numeric(6,2) not null,
  constraint PK_article primary key (ID_article),
  constraint UK_article unique (ID_depot, dep_location)
)
table ARTICLE erstellt.
> create table customer (
  ID_customer numeric(8) not null,
  company varchar(128) not null,
  address varchar(32) not null,
  zip varchar(16) not null,
  city varchar(32) not null,
  state varchar(32) not null,
  constraint PK_customer primary key (ID_customer)
)
table CUSTOMER erstellt.
> create table depot(
  ID_depot numeric(8) not null,
  company varchar(32) not null,
  address varchar(32) not null,
  zip varchar(16) not null,
  city varchar(32) not null,
  state varchar(32) not null,
  constraint PK_depot primary key (ID_depot)
)
table DEPOT erstellt.
> create table supplier (
  ID_supplier numeric(8) not null,
  company varchar(128) not null,
  address varchar(32) not null,
  zip varchar(16) not null,
  city varchar(32) not null,
  state varchar(32) not null,
  constraint PK_supplier primary key (ID_supplier)
)
table SUPPLIER erstellt.
> create table rent (
  ID_customer numeric(8) not null,
  ID_article numeric(8) not null,
  contract numeric(8) not null,
  rentFrom date not null,
  rentTo date not null,
  returnFlag numeric(1) not null,
  constraint PK_rent primary key (ID_article, ID_customer, contract)
)
table RENT erstellt.
> alter table article add constraint RK_article_depot
  foreign key (ID_depot)
  references depot
table ARTICLE geändert.
> alter table article add constraint RK_article_supplier
  foreign key (ID_supplier)
  references supplier
table ARTICLE geändert.
> alter table rent add constraint RK_rent_customer
  foreign key (ID_customer)
  references customer
table RENT geändert.
> alter table rent add constraint RK_rent_article
  foreign key (ID_article)
  references article
table RENT geändert.
> -- Disable Foreign Key Constraint Section
> alter table article disable constraint RK_article_depot
table ARTICLE geändert.
> alter table article disable constraint RK_article_supplier
table ARTICLE geändert.
> alter table rent disable constraint RK_rent_customer
table RENT geändert.
> alter table rent disable constraint RK_rent_article
table RENT geändert.
> -- Disable Primary Key Constraint Section
> alter table article disable constraint PK_article
table ARTICLE geändert.
> alter table article disable constraint UK_article
table ARTICLE geändert.
> alter table customer disable constraint PK_customer
table CUSTOMER geändert.
> alter table depot disable constraint PK_depot
table DEPOT geändert.
> alter table supplier disable constraint PK_supplier
table SUPPLIER geändert.
> alter table rent disable constraint PK_rent
table RENT geändert.
> -- table depot
> Insert into depot values (1, 'Baumaschinen Verleih Bonn', 'Buddestraße 30', 'Bonn', '53111', 'Germany')
1 Zeilen eingefügt.
> Insert into depot values (2, 'The Hireman values (London) Ltd.', '53 Tanner Street', 'London', 'SE1 3PL', 'United Kingdom')
1 Zeilen eingefügt.
> Insert into depot values (3, 'ABLE Equipment Rental', '21 Dixon Avenue', 'Copiague', 'NY 11726', 'USA')
1 Zeilen eingefügt.
> -- table supplier
> Insert into supplier values (1, 'Süddeutsche Baumaschinen Handels GmbH', 'Heinkelstraße 8', 'Neu-Ulm', '89231', 'Germany')
1 Zeilen eingefügt.
> Insert into supplier values (2, 'Maschinenhandel \& Vermietung', 'Weseler Straße 68', 'Alpen', '46519', 'Germany')
1 Zeilen eingefügt.
> Insert into supplier values (3, 'ATLAS Mortag', 'Auf dem Waidrasen 10', 'Bonn', '53111', 'Germany')
1 Zeilen eingefügt.
> -- table article
> Insert into article values (1, 'Bomag Vibratory Roller - Ride-On - Smooth/Padfoot 48" Drum Width, BW124-3, 6,000 lbs', 'Vibratory Roller', 1, 20000.00, 'Euro', to_date('2010-10-23', 'yyyy-mm-dd'), 1004.00, 251.00, 104.00, 'Dollar', 3, 38, 2721.00, 120.00, 150.00, 200.00)
1 Zeilen eingefügt.
> Insert into article values (2, 'Bomag Vibratory Roller - Ride-On - Smooth/Padfoot Asphalt Roller - 3 Ton Vibratory Bomag BW120', 'Vibratory Roller', 1, 24000.00, 'Euro', to_date('2010-04-12', 'yyyy-mm-dd'), 1200.00, 300.00, 150.00, 'Dollar', 3, 64, 3000.00, 180.00, 200.00, 250.00)
1 Zeilen eingefügt.
> Insert into article values (3, 'Industrial - 5000 lbs Cushion Triple Mast', 'Fork Lift', 2, 16000.00, 'Euro', to_date('2010-03-01', 'yyyy-mm-dd'), 1300.00, 495.00, 165.00, 'Dollar', 3, 12, 1800.00, 250.00, 250.00, 150.00)
1 Zeilen eingefügt.
> Insert into article values (4, 'Industrial - 8,000 lbs Cushion Triple Mast', 'Fork Lift', 2, 23000.00, 'Euro', to_date('2010-08-20', 'yyyy-mm-dd'), 2430.00, 810, 270, 'Dollar', 3, 13, 1900.00, 280.00, 250.00, 150.00)
1 Zeilen eingefügt.
> Insert into article values (5, 'Single Tool Portable Compressor, 85cfm - Diesel', 'Compressor', 3, 18000.00, 'Euro', to_date('2010-04-18', 'yyyy-mm-dd'), 450.00, 150.00, 30.00, 'Pound', 2, 12, 500.00, 120.00, 200.00, 100.00)
1 Zeilen eingefügt.
> Insert into article values (6, 'Two Tool Portable Compressor, 150cfm - Diesel', 'Compressor', 3, 2000.00, 'Euro', to_date('2010-05-07', 'yyyy-mm-dd'), 498.00, 166.00, 34.00, 'Pound', 2, 2, 700.00, 150.00, 200.00, 110.00)
1 Zeilen eingefügt.
> Insert into article values (7, 'New-Holland', 'Excavator', 3, 18000.00, 'Euro', to_date('2010-06-07', 'yyyy-mm-dd'), 874.00, 340.00, 85.00, 'Euro', 1, 53, 1600.00, 250.00, 300.00, 100.00)
1 Zeilen eingefügt.
> Insert into article values (8, 'Yanmar, ViO30', 'Excavator', 2, 25000.00, 'Euro', to_date('2010-09-10', 'yyyy-mm-dd'), 2500.00, 900.00, 190.40, 'Euro', 1, 12, 3270.00, 300.00, 400.00, 150.00)
1 Zeilen eingefügt.
> -- table customer
> Insert into customer values (1, 'BB Hoch- und Tiefbau GmbH', 'Tettaustraße 1', 'Bonn', '53111', 'Germany')
1 Zeilen eingefügt.
> Insert into customer values (2, 'Canzler Bau GmbH', 'Daasdorfer Straße 38', 'Weimar', '99428', 'Germany')
1 Zeilen eingefügt.
> Insert into customer values (3, 'Etzoldt Bau GmbH Hoch- und Tiefbau', 'Mittelstraße 23', 'Jena', '07745', 'Germany')
1 Zeilen eingefügt.
> Insert into customer values (4, 'Kkd Tiefbau Weimar GmbH', 'Dammstr. 2', 'Apolda', '99510', 'Germany')
1 Zeilen eingefügt.
> Insert into customer values (5, 'TBI Holdings B.V.', 'Wilhelminaplein 37', 'Rotterdam', '3072 DE', 'Netherlands')
1 Zeilen eingefügt.
> Insert into customer values (6, 'Brunelli Engineering Ltd', '10 Abbey Orchard Street', 'London', 'SW1P 2JP', 'United Kingdom')
1 Zeilen eingefügt.
> Insert into customer values (7, 'Skelton Group Cooting', 'Road Canterbury', 'Kent', 'CT3 3EP', 'United Kingdom')
1 Zeilen eingefügt.
> Insert into customer values (8, 'Renshaw Civil \& Safety Engineering', 'Saltwood', 'Hythe', 'CT21 4WN', 'United Kingdom')
1 Zeilen eingefügt.
> Insert into customer values (9, 'Meeres Civil Engineering', '309 Ballards Lane', 'London', 'N12 8LY', 'United Kingdom')
1 Zeilen eingefügt.
> Insert into customer values (10, 'Parsons Brinckerhoff', 'One Penn Plaza', 'New York', 'NY 10119', 'United States')
1 Zeilen eingefügt.
> Insert into customer values (11, 'Gannett Fleming', '380 Seventh Avenue', 'New York', 'NY 10121-0101', 'United States')
1 Zeilen eingefügt.
> Insert into customer values (12, 'Rhode Island Engineering', '397 Mourning Dove Drive', 'Saunderstown', 'RI', 'United States')
1 Zeilen eingefügt.
> Insert into customer values (13, 'American Engineering Co', '400 South County Trail', 'Exeter', 'RI', 'United States')
1 Zeilen eingefügt.
> Insert into customer values (14, 'EP and CC Consulting Inc', '24 Rosevear Avenue', 'Toronto', 'ON M4C 1Z3', 'Canada')
1 Zeilen eingefügt.
> -- table rent
> Insert into rent values (1, 7, 1, to_date('2015-05-10', 'yyyy-mm-dd'), to_date('2015-05-16', 'yyyy-mm-dd'), 0)
1 Zeilen eingefügt.
> Insert into rent values (1, 7, 2, to_date('2015-07-20', 'yyyy-mm-dd'), to_date('2015-08-19', 'yyyy-mm-dd'), 0)
1 Zeilen eingefügt.
> Insert into rent values (2, 8, 1, to_date('2015-03-11', 'yyyy-mm-dd'), to_date('2015-04-10', 'yyyy-mm-dd'), 1)
1 Zeilen eingefügt.
> Insert into rent values (2, 8, 2, to_date('2015-05-22', 'yyyy-mm-dd'), to_date('2015-05-28', 'yyyy-mm-dd'), 0)
1 Zeilen eingefügt.
> Insert into rent values (3, 7, 1, to_date('2015-12-27', 'yyyy-mm-dd'), to_date('2015-12-31', 'yyyy-mm-dd'), 0)
1 Zeilen eingefügt.
> Insert into rent values (3, 8, 1, to_date('2015-06-17', 'yyyy-mm-dd'), to_date('2015-06-21', 'yyyy-mm-dd'), 0)
1 Zeilen eingefügt.
> Insert into rent values (4, 7, 1, to_date('2015-05-18', 'yyyy-mm-dd'), to_date('2015-05-24', 'yyyy-mm-dd'), 0)
1 Zeilen eingefügt.
> Insert into rent values (4, 8, 1, to_date('2016-01-10', 'yyyy-mm-dd'), to_date('2016-02-09', 'yyyy-mm-dd'), 0)
1 Zeilen eingefügt.
> Insert into rent values (5, 7, 1, to_date('2015-06-10', 'yyyy-mm-dd'), to_date('2015-06-12', 'yyyy-mm-dd'), 0)
1 Zeilen eingefügt.
> Insert into rent values (5, 7, 2, to_date('2016-02-05', 'yyyy-mm-dd'), to_date('2016-02-10', 'yyyy-mm-dd'), 0)
1 Zeilen eingefügt.
> Insert into rent values (6, 5, 1, to_date('2015-03-10', 'yyyy-mm-dd'), to_date('2015-03-15', 'yyyy-mm-dd'), 1)
1 Zeilen eingefügt.
> Insert into rent values (6, 5, 2, to_date('2015-04-15', 'yyyy-mm-dd'), to_date('2015-04-20', 'yyyy-mm-dd'), 1)
1 Zeilen eingefügt.
> Insert into rent values (7, 6, 1, to_date('2015-06-08', 'yyyy-mm-dd'), to_date('2015-10-08', 'yyyy-mm-dd'), 0)
1 Zeilen eingefügt.
> Insert into rent values (7, 6, 2, to_date('2015-09-20', 'yyyy-mm-dd'), to_date('2015-10-19', 'yyyy-mm-dd'), 0)
1 Zeilen eingefügt.
> Insert into rent values (8, 5, 1, to_date('2015-09-18', 'yyyy-mm-dd'), to_date('2015-09-24', 'yyyy-mm-dd'), 0)
1 Zeilen eingefügt.
> Insert into rent values (8, 6, 1, to_date('2016-01-05', 'yyyy-mm-dd'), to_date('2016-02-04', 'yyyy-mm-dd'), 0)
1 Zeilen eingefügt.
> Insert into rent values (9, 5, 1, to_date('2016-02-10', 'yyyy-mm-dd'), to_date('2016-02-15', 'yyyy-mm-dd'), 1)
1 Zeilen eingefügt.
> Insert into rent values (9, 6, 1, to_date('2015-11-11', 'yyyy-mm-dd'), to_date('2015-11-17', 'yyyy-mm-dd'), 0)
1 Zeilen eingefügt.
> Insert into rent values (10, 1, 1, to_date('2015-03-10', 'yyyy-mm-dd'), to_date('2015-04-09', 'yyyy-mm-dd'), 1)
1 Zeilen eingefügt.
> Insert into rent values (10, 2, 1, to_date('2015-02-10', 'yyyy-mm-dd'), to_date('2015-02-15', 'yyyy-mm-dd'), 1)
1 Zeilen eingefügt.
> Insert into rent values (11, 3, 1, to_date('2015-07-11', 'yyyy-mm-dd'), to_date('2015-07-18', 'yyyy-mm-dd'), 0)
1 Zeilen eingefügt.
> Insert into rent values (11, 4, 1, to_date('2015-06-22', 'yyyy-mm-dd'), to_date('2015-06-28', 'yyyy-mm-dd'), 0)
1 Zeilen eingefügt.
> Insert into rent values (12, 1, 1, to_date('2015-05-06', 'yyyy-mm-dd'), to_date('2015-05-12', 'yyyy-mm-dd'), 0)
1 Zeilen eingefügt.
> Insert into rent values (12, 2, 1, to_date('2015-03-22', 'yyyy-mm-dd'), to_date('2015-03-28', 'yyyy-mm-dd'), 1)
1 Zeilen eingefügt.
> Insert into rent values (13, 3, 1, to_date('2016-01-03', 'yyyy-mm-dd'), to_date('2016-01-10', 'yyyy-mm-dd'), 0)
1 Zeilen eingefügt.
> Insert into rent values (13, 4, 1, to_date('2015-12-15', 'yyyy-mm-dd'), to_date('2015-12-21', 'yyyy-mm-dd'), 0)
1 Zeilen eingefügt.
> Insert into rent values (14, 1, 1, to_date('2016-01-02', 'yyyy-mm-dd'), to_date('2016-02-03', 'yyyy-mm-dd'), 0)
1 Zeilen eingefügt.
> Insert into rent values (14, 2, 1, to_date('2015-09-17', 'yyyy-mm-dd'), to_date('2015-09-24', 'yyyy-mm-dd'), 0)
1 Zeilen eingefügt.
> -- Reenable Primary Key Constraint Section
> alter table article enable constraint PK_article
table ARTICLE geändert.
> alter table article enable constraint UK_article
table ARTICLE geändert.
> alter table customer enable constraint PK_customer
table CUSTOMER geändert.
> alter table depot enable constraint PK_depot
table DEPOT geändert.
> alter table supplier enable constraint PK_supplier
table SUPPLIER geändert.
> alter table rent enable constraint PK_rent
table RENT geändert.
> -- Reenable Foreign Key Constraint Section
> alter table article enable constraint RK_article_depot
table ARTICLE geändert.
> alter table article enable constraint RK_article_supplier
table ARTICLE geändert.
> alter table rent enable constraint RK_rent_customer
table RENT geändert.
> alter table rent enable constraint RK_rent_article
table RENT geändert.
> -- Test Section
> describe depot
describe depot
Name     Null     Typ          
-------- -------- ------------ 
ID_DEPOT NOT NULL NUMBER(8)    
COMPANY  NOT NULL VARCHAR2(32) 
ADDRESS  NOT NULL VARCHAR2(32) 
ZIP      NOT NULL VARCHAR2(16) 
CITY     NOT NULL VARCHAR2(32) 
STATE    NOT NULL VARCHAR2(32) 

> select count(*) from depot
  COUNT(*)
----------
         3

> describe customer
describe customer
Name        Null     Typ           
----------- -------- ------------- 
ID_CUSTOMER NOT NULL NUMBER(8)     
COMPANY     NOT NULL VARCHAR2(128) 
ADDRESS     NOT NULL VARCHAR2(32)  
ZIP         NOT NULL VARCHAR2(16)  
CITY        NOT NULL VARCHAR2(32)  
STATE       NOT NULL VARCHAR2(32)  

> select count(*) from customer
  COUNT(*)
----------
        14

> describe supplier
describe supplier
Name        Null     Typ           
----------- -------- ------------- 
ID_SUPPLIER NOT NULL NUMBER(8)     
COMPANY     NOT NULL VARCHAR2(128) 
ADDRESS     NOT NULL VARCHAR2(32)  
ZIP         NOT NULL VARCHAR2(16)  
CITY        NOT NULL VARCHAR2(32)  
STATE       NOT NULL VARCHAR2(32)  

> select count(*) from supplier
  COUNT(*)
----------
         3

> describe article
describe article
Name                 Null     Typ           
-------------------- -------- ------------- 
ID_ARTICLE           NOT NULL NUMBER(8)     
ITEM                 NOT NULL VARCHAR2(128) 
TYPE                 NOT NULL VARCHAR2(64)  
ID_SUPPLIER          NOT NULL NUMBER(8)     
PUR_BASEPRICE        NOT NULL NUMBER(8,2)   
PUR_CURRENCY         NOT NULL VARCHAR2(16)  
PUR_PURCHASEDATE     NOT NULL DATE          
SAL_RENTALPRICEMONTH NOT NULL NUMBER(8,2)   
SAL_RENTALPRICEWEEK  NOT NULL NUMBER(8,2)   
SAL_RENTALPRICEDAY   NOT NULL NUMBER(8,2)   
SAL_CURRENCY         NOT NULL VARCHAR2(16)  
ID_DEPOT                      NUMBER(8)     
DEP_LOCATION         NOT NULL NUMBER(6)     
DEP_WEIGHTKG         NOT NULL NUMBER(6,2)   
DEP_HEIGHTCM         NOT NULL NUMBER(6,2)   
DEP_LENGTHCM         NOT NULL NUMBER(6,2)   
DEP_BREADTHCM        NOT NULL NUMBER(6,2)   

> select count(*) from article
  COUNT(*)
----------
         8

> describe rent
describe rent
Name        Null     Typ       
----------- -------- --------- 
ID_CUSTOMER NOT NULL NUMBER(8) 
ID_ARTICLE  NOT NULL NUMBER(8) 
CONTRACT    NOT NULL NUMBER(8) 
RENTFROM    NOT NULL DATE      
RENTTO      NOT NULL DATE      
RETURNFLAG  NOT NULL NUMBER(1) 

> select count(*) from rent
  COUNT(*)
----------
        28

> select user, TO_CHAR(SYSDATE, 'dd-mm-yy hh24:mi:ss') from dual
USER                           TO_CHAR(SYSDATE,'DD-MM-YYHH24:MI:SS')
------------------------------ -------------------------------------
PROBIN2S                       19-04-15 14:17:43                    

> spool off
