> --
> -- Systemdatum Start
> --
> SELECT user,
         TO_CHAR(SYSDATE, 'dd-mm-yy hh24:mi:ss') 
  FROM   dual
  
USER                           TO_CHAR(SYSDATE,'DD-MM-YYHH24:MI:SS')
------------------------------ -------------------------------------
PROBIN2S                       17-05-15 20:20:38                    

> --
> -- ***************************************************************
> -- * Das globale Schema fuer den Standort New York  
> --
> --
> -- ***************************************************************
> -- * Initialisierung  
> --
> DROP TRIGGER NYK_ARTICLE_TRI

Fehler beim Start in Zeile : 40 in Befehl -
DROP TRIGGER NYK_ARTICLE_TRI
Fehlerbericht -
SQL-Fehler: ORA-04080: Trigger 'NYK_ARTICLE_TRI' ist nicht vorhanden
04080. 00000 -  "trigger '%s' does not exist"
*Cause:    The TRIGGER name is invalid.
*Action:   Check the trigger name.
> DROP TRIGGER NYK_CUSTOMER_TRI

Fehler beim Start in Zeile : 41 in Befehl -
DROP TRIGGER NYK_CUSTOMER_TRI
Fehlerbericht -
SQL-Fehler: ORA-04080: Trigger 'NYK_CUSTOMER_TRI' ist nicht vorhanden
04080. 00000 -  "trigger '%s' does not exist"
*Cause:    The TRIGGER name is invalid.
*Action:   Check the trigger name.
> DROP TRIGGER CUSTOMER_GLO_TRI

Fehler beim Start in Zeile : 42 in Befehl -
DROP TRIGGER CUSTOMER_GLO_TRI
Fehlerbericht -
SQL-Fehler: ORA-04080: Trigger 'CUSTOMER_GLO_TRI' ist nicht vorhanden
04080. 00000 -  "trigger '%s' does not exist"
*Cause:    The TRIGGER name is invalid.
*Action:   Check the trigger name.
> DROP TRIGGER ARTICLE_GLO_TRI

Fehler beim Start in Zeile : 43 in Befehl -
DROP TRIGGER ARTICLE_GLO_TRI
Fehlerbericht -
SQL-Fehler: ORA-04080: Trigger 'ARTICLE_GLO_TRI' ist nicht vorhanden
04080. 00000 -  "trigger '%s' does not exist"
*Cause:    The TRIGGER name is invalid.
*Action:   Check the trigger name.
> DROP TRIGGER RENT_GLO_TRI

Fehler beim Start in Zeile : 44 in Befehl -
DROP TRIGGER RENT_GLO_TRI
Fehlerbericht -
SQL-Fehler: ORA-04080: Trigger 'RENT_GLO_TRI' ist nicht vorhanden
04080. 00000 -  "trigger '%s' does not exist"
*Cause:    The TRIGGER name is invalid.
*Action:   Check the trigger name.
> DROP SYNONYM CUSTOMER_SEQ

Fehler beim Start in Zeile : 46 in Befehl -
DROP SYNONYM CUSTOMER_SEQ
Fehlerbericht -
SQL-Fehler: ORA-01434: Privates Synonym, das gelöscht werden soll, ist nicht vorhanden.
01434. 00000 -  "private synonym to be dropped does not exist"
*Cause:    
*Action:
> DROP SYNONYM ARTICLE_SEQ

Fehler beim Start in Zeile : 47 in Befehl -
DROP SYNONYM ARTICLE_SEQ
Fehlerbericht -
SQL-Fehler: ORA-01434: Privates Synonym, das gelöscht werden soll, ist nicht vorhanden.
01434. 00000 -  "private synonym to be dropped does not exist"
*Cause:    
*Action:
> --
> -- ***************************************************************
> -- * Erstellung der lokalen Schluesselintegritaet
> --
> CREATE SYNONYM CUSTOMER_SEQ
FOR CUSTOMER_SEQ@bonn
synonym CUSTOMER_SEQ erstellt.
> CREATE SYNONYM ARTICLE_SEQ
FOR ARTICLE_SEQ@bonn
synonym ARTICLE_SEQ erstellt.
> CREATE OR REPLACE TRIGGER NYK_ARTICLE_TRI
BEFORE INSERT ON NYK_ARTICLE
FOR EACH ROW
BEGIN
SELECT ARTICLE_SEQ.NEXTVAL
INTO :NEW.ID_ARTICLE
FROM dual;
EXCEPTION
WHEN OTHERS THEN
NULL;
END;
TRIGGER NYK_ARTICLE_TRI kompiliert
> CREATE OR REPLACE TRIGGER NYK_CUSTOMER_TRI
BEFORE INSERT ON NYK_CUSTOMER
FOR EACH ROW
BEGIN
SELECT CUSTOMER_SEQ.NEXTVAL
INTO :NEW.ID_CUSTOMER
FROM dual;
EXCEPTION
WHEN OTHERS THEN
NULL;
END;
TRIGGER NYK_CUSTOMER_TRI kompiliert
> --
> -- ***************************************************************
> -- * Erstellung der globalen Schluesselintegritaet 
> --
> CREATE OR REPLACE TRIGGER CUSTOMER_GLO_TRI
INSTEAD OF INSERT OR DELETE ON customer
FOR EACH ROW
BEGIN
IF INSERTING THEN
IF :new.state = 'Germany' OR :new.state = 'Netherlands' THEN
INSERT INTO BNN_CUSTOMER@bonn values (NULL,
:new.COMPANY, :new.ADDRESS, :new.ZIP, :new.CITY, :new.STATE);
ELSIF :new.state = 'United Kingdom' THEN
INSERT INTO LDN_CUSTOMER@london values (NULL,
:new.COMPANY, :new.ADDRESS, :new.ZIP, :new.CITY, :new.STATE);
ELSIF :new.state = 'United States' OR :new.state = 'Canada' THEN
INSERT INTO NYK_CUSTOMER values (NULL,
:new.COMPANY, :new.ADDRESS, :new.ZIP, :new.CITY, :new.STATE);
END IF;
END IF;
IF DELETING THEN
IF :old.state = 'Germany' OR :old.state = 'Netherlands' THEN
DELETE FROM BNN_CUSTOMER@bonn WHERE ID_CUSTOMER =
:old.ID_CUSTOMER;
elsif :old.state = 'United Kingdom' THEN
DELETE FROM LDN_CUSTOMER@london WHERE ID_CUSTOMER =
:old.ID_CUSTOMER;
elsif :old.state = 'United States' OR :new.state = 'Canada' THEN
DELETE FROM NYK_CUSTOMER WHERE ID_CUSTOMER =
:old.ID_CUSTOMER;
END IF;
END IF;
END;
TRIGGER CUSTOMER_GLO_TRI kompiliert
> CREATE OR REPLACE TRIGGER ARTICLE_GLO_TRI
INSTEAD OF INSERT OR DELETE ON article
FOR EACH ROW
DECLARE
  depot_state depot.STATE%TYPE;
BEGIN
IF INSERTING THEN
 SELECT state
 INTO depot_state
 FROM depot 
 WHERE depot.ID_DEPOT = :new.ID_DEPOT;
dbms_output.Put_line(depot_state);
IF depot_state = 'Germany' THEN
INSERT INTO BNN_ARTICLE@bonn values (NULL,
:new.ITEM, :new.TYPE, :new.ID_SUPPLIER, :new.PUR_BASEPRICE, :new.PUR_CURRENCY, 
:new.PUR_PURCHASEDATE, :new.SAL_RENTALPRICEMONTH, :new.SAL_RENTALPRICEWEEK, 
:new.SAL_RENTALPRICEDAY,:new.SAL_CURRENCY, :new.ID_DEPOT, :new.DEP_LOCATION, 
:new.DEP_WEIGHTKG, :new.DEP_HEIGHTCM, :new.DEP_LENGTHCM, :new.DEP_BREADTHCM);
ELSIF depot_state = 'United Kingdom' THEN
INSERT INTO LDN_ARTICLE@london values (NULL,
:new.ITEM, :new.TYPE, :new.ID_SUPPLIER, :new.PUR_BASEPRICE, :new.PUR_CURRENCY, 
:new.PUR_PURCHASEDATE, :new.SAL_RENTALPRICEMONTH, :new.SAL_RENTALPRICEWEEK, 
:new.SAL_RENTALPRICEDAY, :new.SAL_CURRENCY, :new.ID_DEPOT, :new.DEP_LOCATION, 
:new.DEP_WEIGHTKG, :new.DEP_HEIGHTCM, :new.DEP_LENGTHCM, :new.DEP_BREADTHCM);
ELSIF depot_state = 'USA' THEN
INSERT INTO NYK_ARTICLE values (NULL,
:new.ITEM, :new.TYPE, :new.ID_SUPPLIER, :new.PUR_BASEPRICE, :new.PUR_CURRENCY, 
:new.PUR_PURCHASEDATE, :new.SAL_RENTALPRICEMONTH, :new.SAL_RENTALPRICEWEEK, 
:new.SAL_RENTALPRICEDAY, :new.SAL_CURRENCY, :new.ID_DEPOT, :new.DEP_LOCATION, 
:new.DEP_WEIGHTKG, :new.DEP_HEIGHTCM, :new.DEP_LENGTHCM, :new.DEP_BREADTHCM);
END IF;
END IF;
IF DELETING THEN
 SELECT state
 INTO depot_state
 FROM depot 
 WHERE depot.ID_DEPOT = :old.ID_DEPOT;
IF depot_state = 'Germany' THEN
DELETE FROM BNN_ARTICLE@bonn WHERE ID_ARTICLE = :old.ID_ARTICLE;
elsif depot_state = 'United Kingdom' THEN
DELETE FROM LDN_ARTICLE@london WHERE ID_ARTICLE = :old.ID_ARTICLE;
elsif depot_state = 'USA' THEN
DELETE FROM NYK_ARTICLE WHERE ID_ARTICLE = :old.ID_ARTICLE;
END IF;
END IF;
END;
TRIGGER ARTICLE_GLO_TRI kompiliert
> CREATE OR REPLACE TRIGGER RENT_GLO_TRI
INSTEAD OF INSERT OR DELETE ON rent
FOR EACH ROW
DECLARE
  cust_state customer.STATE%TYPE;
BEGIN
IF INSERTING THEN
 SELECT state
 INTO cust_state
 FROM customer 
 WHERE customer.ID_CUSTOMER = :new.ID_CUSTOMER;
dbms_output.Put_line(cust_state);
IF cust_state = 'Germany' OR cust_state = 'Nethderlands' THEN
INSERT INTO BNN_RENT@bonn (ID_CUSTOMER, ID_ARTICLE, CONTRACT, RENTFROM, RENTTO, RETURNFLAG)
values (:new.ID_CUSTOMER, :new.ID_ARTICLE, :new.CONTRACT, :new.RENTFROM, :new.RENTTO, :new.RETURNFLAG);
ELSIF cust_state = 'United Kingdom' THEN
INSERT INTO LDN_RENT@london (ID_CUSTOMER, ID_ARTICLE, CONTRACT, RENTFROM, RENTTO, RETURNFLAG)
values (:new.ID_CUSTOMER, :new.ID_ARTICLE, :new.CONTRACT, :new.RENTFROM, :new.RENTTO, :new.RETURNFLAG);
ELSIF cust_state = 'United States' OR cust_state = 'Canada' THEN
INSERT INTO NYK_RENT (ID_CUSTOMER, ID_ARTICLE, CONTRACT, RENTFROM, RENTTO, RETURNFLAG)
values (:new.ID_CUSTOMER, :new.ID_ARTICLE, :new.CONTRACT, :new.RENTFROM, :new.RENTTO, :new.RETURNFLAG);
END IF;
END IF;
IF DELETING THEN
 SELECT state
 INTO cust_state
 FROM customer 
 WHERE customer.ID_CUSTOMER = :old.ID_CUSTOMER;
IF cust_state = 'Germany' OR cust_state = 'Nethderlands' THEN
DELETE FROM BNN_RENT@bonn WHERE ID_ARTICLE = :old.ID_ARTICLE AND ID_CUSTOMER = :old.ID_CUSTOMER AND CONTRACT = :old.CONTRACT;
elsif cust_state = 'United Kingdom' THEN
DELETE FROM LDN_RENT@london WHERE ID_ARTICLE = :old.ID_ARTICLE AND ID_CUSTOMER = :old.ID_CUSTOMER AND CONTRACT = :old.CONTRACT;
elsif cust_state = 'United States' OR cust_state = 'Canada' THEN
DELETE FROM NYK_RENT WHERE ID_ARTICLE = :old.ID_ARTICLE AND ID_CUSTOMER = :old.ID_CUSTOMER AND CONTRACT = :old.CONTRACT;
END IF;
END IF;
END;
TRIGGER RENT_GLO_TRI kompiliert
> --
> -- Systemdatum Ende
> --
> SELECT user,
         TO_CHAR(SYSDATE, 'dd-mm-yy hh24:mi:ss') 
  FROM   dual
  
USER                           TO_CHAR(SYSDATE,'DD-MM-YYHH24:MI:SS')
------------------------------ -------------------------------------
PROBIN2S                       17-05-15 20:20:40                    

> --
> spool off
